00:00:00.002802 main     VirtualBox COM Server 7.0.16 r162802 win.amd64 (Apr 12 2024 19:02:49) release log
00:00:00.002804 main     Log opened 2024-04-23T09:19:26.849956200Z
00:00:00.002804 main     Build Type: release
00:00:00.002817 main     OS Product: Windows 8
00:00:00.002818 main     OS Release: 6.2.9200
00:00:00.002818 main     OS Service Pack: 
00:00:00.021555 main     DMI Product Name: System Product Name
00:00:00.032253 main     DMI Product Version: System Version
00:00:00.032284 main     Firmware type: UEFI
00:00:00.032835 main     Secure Boot: Disabled
00:00:00.032859 main     Host RAM: 16315MB (15.9GB) total, 10623MB (10.3GB) available
00:00:00.032872 main     Executable: C:\Program Files\Oracle\VirtualBox\VBoxSVC.exe
00:00:00.032872 main     Process ID: 10228
00:00:00.032873 main     Package type: WINDOWS_64BITS_GENERIC
00:00:00.108302          VirtualBox: object creation starts
00:00:00.108687          Home directory: 'C:\Users\Szef\.VirtualBox'
00:00:00.108803          Installed Drivers:
00:00:00.115567            C:\Windows\system32\DRIVERS\VBoxSup.sys (Version: 7.0.16.12802)
00:00:00.115844            C:\Windows\system32\DRIVERS\VBoxUSBMon.sys (Version: 7.0.16.12802)
00:00:00.116125            C:\Windows\system32\DRIVERS\VBoxNetAdp6.sys (Version: 7.0.16.12802)
00:00:00.116416            C:\Windows\system32\DRIVERS\VBoxNetLwf.sys (Version: 7.0.16.12802)
00:00:00.117090          ERROR [COM]: aRC=E_FAIL (0x80004005) aIID={7682d5eb-f00e-44f1-8ca2-99d08b1cd607} aComponent={VirtualBoxWrap} aText={Document is empty.
00:00:00.117173          Location: 'C:\Users\Szef\.VirtualBox\VirtualBox.xml', line 1 (0), column 1.
00:00:00.117173          D:\tinderboxa\win-7.0\src\VBox\Main\src-server\VirtualBoxImpl.cpp[830] (long __cdecl VirtualBox::init(void))}, preserve=false aResultDetail=0
00:00:00.117646          VirtualBox: object created
00:00:05.133943 main     VirtualBox: object deletion starts
00:00:05.133980 main     VirtualBox: object deleted
